2023-06-28T17:17:40.469+0800	INFO	notice/ding_talk.go:118	GetDingTalkUsers -  getDepartmentSubList resp:{"errcode":0,"errmsg":"ok","result":[{"auto_add_user":true,"create_dept_group":true,"dept_id":858882826,"name":"产品部","parent_id":1},{"auto_add_user":true,"create_dept_group":true,"dept_id":859251099,"name":"测试部","parent_id":1},{"auto_add_user":false,"create_dept_group":false,"dept_id":859359045,"name":"开发部","parent_id":1}],"request_id":"16mqmuigvbjo0"}
2023-06-28T17:17:40.471+0800	INFO	notice/ding_talk.go:73	GetDingTalkUsers- departments :[{true true 858882826 产品部 1} {true true 859251099 测试部 1} {false false 859359045 开发部 1}]
2023-06-28T17:19:08.108+0800	INFO	notice/ding_talk.go:118	GetDingTalkUsers -  getDepartmentSubList resp:{"errcode":0,"errmsg":"ok","result":[{"auto_add_user":true,"create_dept_group":true,"dept_id":858882826,"name":"产品部","parent_id":1},{"auto_add_user":true,"create_dept_group":true,"dept_id":859251099,"name":"测试部","parent_id":1},{"auto_add_user":false,"create_dept_group":false,"dept_id":859359045,"name":"开发部","parent_id":1}],"request_id":"15rnjr5n6u44x"}
2023-06-28T17:19:08.109+0800	INFO	notice/ding_talk.go:73	GetDingTalkUsers- departments :[{true true 858882826 产品部 1} {true true 859251099 测试部 1} {false false 859359045 开发部 1}]
2023-06-28T17:25:25.143+0800	INFO	notice/ding_talk.go:135	GetDingTalkUsers -  getDepartmentSubList resp:{"errcode":0,"errmsg":"ok","result":[{"auto_add_user":true,"create_dept_group":true,"dept_id":858882826,"name":"产品部","parent_id":1},{"auto_add_user":true,"create_dept_group":true,"dept_id":859251099,"name":"测试部","parent_id":1},{"auto_add_user":false,"create_dept_group":false,"dept_id":859359045,"name":"开发部","parent_id":1}],"request_id":"15s46egqip6nq"}
2023-06-28T17:25:25.144+0800	INFO	notice/ding_talk.go:51	GetDingTalkUsers- departments :[{true true 858882826 产品部 1} {true true 859251099 测试部 1} {false false 859359045 开发部 1}]
2023-06-28T17:25:25.145+0800	INFO	notice/ding_talk.go:97	body:{"dept_id":858882826}
2023-06-28T17:28:55.675+0800	INFO	notice/ding_talk.go:139	GetDingTalkUsers -  getDepartmentSubList resp:{"errcode":0,"errmsg":"ok","result":[{"auto_add_user":true,"create_dept_group":true,"dept_id":858882826,"name":"产品部","parent_id":1},{"auto_add_user":true,"create_dept_group":true,"dept_id":859251099,"name":"测试部","parent_id":1},{"auto_add_user":false,"create_dept_group":false,"dept_id":859359045,"name":"开发部","parent_id":1}],"request_id":"16ktchfb1cw5r"}
2023-06-28T17:28:55.676+0800	INFO	notice/ding_talk.go:51	GetDingTalkUsers- departments :[{true true 858882826 产品部 1} {true true 859251099 测试部 1} {false false 859359045 开发部 1}]
2023-06-28T17:28:55.676+0800	INFO	notice/ding_talk.go:101	body:{"dept_id":858882826,"cursor":0,"size":100}
2023-06-28T17:34:02.135+0800	INFO	notice/ding_talk.go:139	GetDingTalkUsers -  getDepartmentSubList resp:{"errcode":0,"errmsg":"ok","result":[{"auto_add_user":true,"create_dept_group":true,"dept_id":858882826,"name":"产品部","parent_id":1},{"auto_add_user":true,"create_dept_group":true,"dept_id":859251099,"name":"测试部","parent_id":1},{"auto_add_user":false,"create_dept_group":false,"dept_id":859359045,"name":"开发部","parent_id":1}],"request_id":"16ke3q2g11obn"}
2023-06-28T17:34:02.137+0800	INFO	notice/ding_talk.go:51	GetDingTalkUsers- departments :[{true true 858882826 产品部 1} {true true 859251099 测试部 1} {false false 859359045 开发部 1}]
2023-06-28T17:34:02.137+0800	INFO	notice/ding_talk.go:101	body:{"dept_id":858882826,"cursor":0,"size":100}
2023-06-28T17:36:06.027+0800	INFO	notice/ding_talk.go:139	GetDingTalkUsers -  getDepartmentSubList resp:{"errcode":0,"errmsg":"ok","result":[{"auto_add_user":true,"create_dept_group":true,"dept_id":858882826,"name":"产品部","parent_id":1},{"auto_add_user":true,"create_dept_group":true,"dept_id":859251099,"name":"测试部","parent_id":1},{"auto_add_user":false,"create_dept_group":false,"dept_id":859359045,"name":"开发部","parent_id":1}],"request_id":"15svmskme1yjo"}
2023-06-28T17:36:06.028+0800	INFO	notice/ding_talk.go:51	GetDingTalkUsers- departments :[{true true 858882826 产品部 1} {true true 859251099 测试部 1} {false false 859359045 开发部 1}]
2023-06-28T17:36:06.028+0800	INFO	notice/ding_talk.go:101	body:{"dept_id":858882826,"cursor":0,"size":100}
2023-06-28T17:57:56.578+0800	INFO	notice/ding_talk.go:213	GetDingTalkUsers -  getDepartmentSubList resp:{"errcode":0,"errmsg":"ok","result":[{"auto_add_user":true,"create_dept_group":true,"dept_id":858882826,"name":"产品部","parent_id":1},{"auto_add_user":true,"create_dept_group":true,"dept_id":859251099,"name":"测试部","parent_id":1},{"auto_add_user":false,"create_dept_group":false,"dept_id":859359045,"name":"开发部","parent_id":1}],"request_id":"16mc99najzo7g"}
2023-06-28T17:57:56.592+0800	INFO	notice/ding_talk.go:84	GetDingTalkUsers- departmentList :[{true true 858882826 产品部 1} {true true 859251099 测试部 1} {false false 859359045 开发部 1}]
2023-06-28T17:57:56.683+0800	INFO	notice/ding_talk.go:180	GetDingTalkUsers -  getDepartmentSubList resp:{"errcode":0,"errmsg":"ok","result":{"has_more":false,"list":[{"name":"顾静","userid":"01016928481248923"}]},"request_id":"15s7gvuou8n7u"}
2023-06-28T17:57:56.767+0800	INFO	notice/ding_talk.go:180	GetDingTalkUsers -  getDepartmentSubList resp:{"errcode":0,"errmsg":"ok","result":{"has_more":false,"list":[{"name":"冉芯茹","userid":"01154735051021129651"}]},"request_id":"16ktchg4iv9yu"}
2023-06-28T17:57:56.852+0800	INFO	notice/ding_talk.go:180	GetDingTalkUsers -  getDepartmentSubList resp:{"errcode":0,"errmsg":"ok","result":{"has_more":false,"list":[{"name":"赵凯","userid":"26296814341143578"},{"name":"宣博文","userid":"274864661423231568"}]},"request_id":"16mgexh0snjx5"}
2023-06-28T17:58:39.419+0800	INFO	notice/ding_talk.go:213	GetDingTalkUsers -  getDepartmentSubList resp:{"errcode":0,"errmsg":"ok","result":[{"auto_add_user":true,"create_dept_group":true,"dept_id":858882826,"name":"产品部","parent_id":1},{"auto_add_user":true,"create_dept_group":true,"dept_id":859251099,"name":"测试部","parent_id":1},{"auto_add_user":false,"create_dept_group":false,"dept_id":859359045,"name":"开发部","parent_id":1}],"request_id":"15syksyte7ni7"}
2023-06-28T17:58:39.420+0800	INFO	notice/ding_talk.go:84	GetDingTalkUsers- departmentList :[{true true 858882826 产品部 1} {true true 859251099 测试部 1} {false false 859359045 开发部 1}]
2023-06-28T17:58:39.509+0800	INFO	notice/ding_talk.go:180	GetDingTalkUsers -  getDepartmentSubList resp:{"errcode":0,"errmsg":"ok","result":{"has_more":false,"list":[{"name":"顾静","userid":"01016928481248923"}]},"request_id":"16ki35f4owr9b"}
2023-06-28T18:01:09.591+0800	INFO	notice/ding_talk.go:212	GetDingTalkUsers -  getDepartmentSubList resp:{"errcode":0,"errmsg":"ok","result":[{"auto_add_user":true,"create_dept_group":true,"dept_id":858882826,"name":"产品部","parent_id":1},{"auto_add_user":true,"create_dept_group":true,"dept_id":859251099,"name":"测试部","parent_id":1},{"auto_add_user":false,"create_dept_group":false,"dept_id":859359045,"name":"开发部","parent_id":1}],"request_id":"15rdeyd46xhvf"}
2023-06-28T18:01:09.593+0800	INFO	notice/ding_talk.go:84	GetDingTalkUsers- departmentList :[{true true 858882826 产品部 1} {true true 859251099 测试部 1} {false false 859359045 开发部 1}]
2023-06-28T18:02:19.099+0800	INFO	notice/ding_talk.go:211	GetDingTalkUsers -  getDepartmentSubList resp:{"errcode":0,"errmsg":"ok","result":[{"auto_add_user":true,"create_dept_group":true,"dept_id":858882826,"name":"产品部","parent_id":1},{"auto_add_user":true,"create_dept_group":true,"dept_id":859251099,"name":"测试部","parent_id":1},{"auto_add_user":false,"create_dept_group":false,"dept_id":859359045,"name":"开发部","parent_id":1}],"request_id":"15rtfrxz8jnky"}
2023-06-28T18:02:19.100+0800	INFO	notice/ding_talk.go:84	GetDingTalkUsers- departmentList :[{true true 858882826 产品部 1} {true true 859251099 测试部 1} {false false 859359045 开发部 1}]
2023-06-28T18:08:14.039+0800	INFO	notice/ding_talk.go:225	GetDingTalkUsers -  getDepartmentSubList resp:{"errcode":0,"errmsg":"ok","result":[{"auto_add_user":true,"create_dept_group":true,"dept_id":858882826,"name":"产品部","parent_id":1},{"auto_add_user":true,"create_dept_group":true,"dept_id":859251099,"name":"测试部","parent_id":1},{"auto_add_user":false,"create_dept_group":false,"dept_id":859359045,"name":"开发部","parent_id":1}],"request_id":"15sx6x16dpo58"}
2023-06-28T18:08:14.041+0800	INFO	notice/ding_talk.go:84	GetDingTalkUsers- departmentList :[{true true 858882826 产品部 1} {true true 859251099 测试部 1} {false false 859359045 开发部 1}]
2023-06-29T09:37:21.032+0800	INFO	notice/ding_talk.go:225	GetDingTalkUsers -  getDepartmentSubList resp:{"errcode":0,"errmsg":"ok","result":[{"auto_add_user":true,"create_dept_group":true,"dept_id":858882826,"name":"产品部","parent_id":1},{"auto_add_user":true,"create_dept_group":true,"dept_id":859251099,"name":"测试部","parent_id":1},{"auto_add_user":false,"create_dept_group":false,"dept_id":859359045,"name":"开发部","parent_id":1}],"request_id":"15rejiaucgyew"}
2023-06-29T09:37:21.033+0800	INFO	notice/ding_talk.go:84	GetDingTalkUsers- departmentList :[{true true 858882826 产品部 1} {true true 859251099 测试部 1} {false false 859359045 开发部 1}]
2023-06-29T11:30:22.351+0800	INFO	notice/ding_talk.go:289	GetDingTalkUsers -  getDepartmentSubList resp:{"errcode":0,"errmsg":"ok","result":[{"auto_add_user":true,"create_dept_group":true,"dept_id":858882826,"name":"产品部","parent_id":1},{"auto_add_user":true,"create_dept_group":true,"dept_id":859251099,"name":"测试部","parent_id":1},{"auto_add_user":false,"create_dept_group":false,"dept_id":859359045,"name":"开发部","parent_id":1}],"request_id":"15s7n564ucu1j"}
2023-06-29T11:30:22.351+0800	INFO	notice/ding_talk.go:84	GetDingTalkUsers- departmentList :[{true true 858882826 产品部 1} {true true 859251099 测试部 1} {false false 859359045 开发部 1}]
2023-06-29T11:30:22.527+0800	INFO	notice/ding_talk.go:289	GetDingTalkUsers -  getDepartmentSubList resp:{"errcode":0,"errmsg":"ok","result":[],"request_id":"15s1bj6o71hrw"}
2023-06-29T11:30:22.528+0800	INFO	notice/ding_talk.go:148	GetDingTalkUsers- departmentList :[]
2023-06-29T11:30:22.748+0800	INFO	notice/ding_talk.go:289	GetDingTalkUsers -  getDepartmentSubList resp:{"errcode":0,"errmsg":"ok","result":[],"request_id":"16me2rn979yoz"}
2023-06-29T11:30:22.748+0800	INFO	notice/ding_talk.go:148	GetDingTalkUsers- departmentList :[]
2023-06-29T11:30:22.971+0800	INFO	notice/ding_talk.go:289	GetDingTalkUsers -  getDepartmentSubList resp:{"errcode":0,"errmsg":"ok","result":[{"auto_add_user":false,"create_dept_group":false,"dept_id":859357084,"name":"RunnerGo","parent_id":859359045}],"request_id":"16kstssm5w6wk"}
2023-06-29T11:30:22.971+0800	INFO	notice/ding_talk.go:148	GetDingTalkUsers- departmentList :[{false false 859357084 RunnerGo 859359045}]
2023-06-29T11:30:23.137+0800	INFO	notice/ding_talk.go:289	GetDingTalkUsers -  getDepartmentSubList resp:{"errcode":0,"errmsg":"ok","result":[],"request_id":"15sli0l8b5yja"}
2023-06-29T12:08:00.627+0800	INFO	notice/feishu.go:40	GetFerShuUsers- departmentList :&{0x140148dae60 <nil> [0x140148ae300 0x140148ae3c0]}
2023-06-29T12:08:00.763+0800	INFO	notice/feishu.go:182	GetFeiShuDepartment- resp.Success - err:<nil>
2023-06-29T12:08:00.932+0800	INFO	notice/feishu.go:233	GetFindByDepartmentUser- resp.Success - err:<nil>
2023-06-29T12:08:01.068+0800	INFO	notice/feishu.go:206	GetSonDepartmentRespData- resp.Success - err:<nil>
2023-06-29T13:37:26.372+0800	INFO	notice/feishu.go:40	GetFerShuUsers- departmentList :&{0x14000305688 <nil> [0x14014916000 0x140149160c0]}
2023-06-29T13:37:29.186+0800	INFO	notice/feishu.go:182	GetFeiShuDepartment- resp.Success - err:<nil>
2023-06-29T13:40:33.074+0800	INFO	notice/feishu.go:40	GetFerShuUsers- departmentList :&{0x140148ae4c0 <nil> [0x14000244c00 0x14000244cc0]}
2023-06-29T13:42:39.104+0800	INFO	notice/feishu.go:40	GetFerShuUsers- departmentList :&{0x14000041768 <nil> [0x140003780c0 0x14000378300]}
2023-06-29T13:42:40.382+0800	INFO	notice/feishu.go:182	GetFeiShuDepartment- resp.Success - err:<nil>
2023-06-29T13:42:40.578+0800	INFO	notice/feishu.go:233	GetFindByDepartmentUser- resp.Success - err:<nil>
2023-06-29T13:42:41.092+0800	INFO	notice/feishu.go:206	GetSonDepartmentRespData- resp.Success - err:<nil>
2023-06-29T13:44:26.480+0800	INFO	notice/feishu.go:43	GetFerShuUsers- departmentList :&{0x14014916260 <nil> [0x140005bc480 0x140005bc540]}
2023-06-29T13:44:27.399+0800	INFO	notice/feishu.go:188	GetFeiShuDepartment- resp.Success - err:<nil>
2023-06-29T13:44:27.555+0800	INFO	notice/feishu.go:239	GetFindByDepartmentUser- resp.Success - err:<nil>
2023-06-29T13:44:28.013+0800	INFO	notice/feishu.go:212	GetSonDepartmentRespData- resp.Success - err:<nil>
2023-06-29T13:45:50.316+0800	INFO	notice/feishu.go:43	GetFerShuUsers- departmentList :&{0x14000041838 <nil> [0x14000654300 0x140006543c0]}
2023-06-29T13:47:52.526+0800	INFO	notice/feishu.go:188	GetFeiShuDepartment- resp.Success - err:<nil>
2023-06-29T13:49:31.205+0800	INFO	notice/feishu.go:43	GetFerShuUsers- departmentList :&{0x14014892738 <nil> [0x140148a0000 0x140148a00c0]}
2023-06-29T13:50:22.686+0800	INFO	notice/feishu.go:43	GetFerShuUsers- departmentList :&{0x1400064c738 <nil> [0x1400065c000 0x1400065c0c0]}
2023-06-29T14:05:18.367+0800	INFO	notice/feishu.go:43	GetFerShuUsers- departmentList :&{0x140002c7d48 <nil> [0x1401480e0c0 0x1401480e180]}
2023-06-29T15:27:50.674+0800	INFO	notice/ding_talk.go:296	GetDingTalkUsers -  getDepartmentSubList resp:{"errcode":0,"errmsg":"ok","result":[{"auto_add_user":true,"create_dept_group":true,"dept_id":858882826,"name":"产品部","parent_id":1},{"auto_add_user":true,"create_dept_group":true,"dept_id":859251099,"name":"测试部","parent_id":1},{"auto_add_user":false,"create_dept_group":false,"dept_id":859359045,"name":"开发部","parent_id":1}],"request_id":"16lrwkrej9xfi"}
2023-06-29T15:27:50.843+0800	INFO	notice/ding_talk.go:296	GetDingTalkUsers -  getDepartmentSubList resp:{"errcode":0,"errmsg":"ok","result":[],"request_id":"15svacm62up7g"}
2023-06-29T15:27:51.104+0800	INFO	notice/ding_talk.go:296	GetDingTalkUsers -  getDepartmentSubList resp:{"errcode":0,"errmsg":"ok","result":[],"request_id":"15r73ddyyh785"}
2023-06-29T15:27:51.376+0800	INFO	notice/ding_talk.go:296	GetDingTalkUsers -  getDepartmentSubList resp:{"errcode":0,"errmsg":"ok","result":[{"auto_add_user":false,"create_dept_group":false,"dept_id":859357084,"name":"RunnerGo","parent_id":859359045}],"request_id":"16mqw8amd85bc"}
2023-06-29T15:27:51.542+0800	INFO	notice/ding_talk.go:296	GetDingTalkUsers -  getDepartmentSubList resp:{"errcode":0,"errmsg":"ok","result":[],"request_id":"16kgcti4q47b9"}
2023-06-29T15:27:51.785+0800	INFO	notice/ding_talk.go:84	GetDingTalkUsers- departments :[0x140148ed4a0 0x14014981800 0x140149c4e40]
2023-06-29T15:31:36.144+0800	INFO	notice/ding_talk.go:282	GetDingTalkUsers -  getDepartmentSubList resp:{"errcode":0,"errmsg":"ok","result":[{"auto_add_user":true,"create_dept_group":true,"dept_id":858882826,"name":"产品部","parent_id":1},{"auto_add_user":true,"create_dept_group":true,"dept_id":859251099,"name":"测试部","parent_id":1},{"auto_add_user":false,"create_dept_group":false,"dept_id":859359045,"name":"开发部","parent_id":1}],"request_id":"15sjf6v69gm0o"}
2023-06-29T15:31:36.280+0800	INFO	notice/ding_talk.go:282	GetDingTalkUsers -  getDepartmentSubList resp:{"errcode":0,"errmsg":"ok","result":[],"request_id":"16mi2761xahnv"}
2023-06-29T15:31:36.455+0800	INFO	notice/ding_talk.go:282	GetDingTalkUsers -  getDepartmentSubList resp:{"errcode":0,"errmsg":"ok","result":[],"request_id":"16m7o1lqc5gim"}
2023-06-29T15:31:36.629+0800	INFO	notice/ding_talk.go:282	GetDingTalkUsers -  getDepartmentSubList resp:{"errcode":0,"errmsg":"ok","result":[{"auto_add_user":false,"create_dept_group":false,"dept_id":859357084,"name":"RunnerGo","parent_id":859359045}],"request_id":"15sjf6v69rbpo"}
2023-06-29T15:31:36.708+0800	INFO	notice/ding_talk.go:282	GetDingTalkUsers -  getDepartmentSubList resp:{"errcode":0,"errmsg":"ok","result":[],"request_id":"16kuzr55ntfos"}
2023-06-29T15:31:36.973+0800	INFO	notice/ding_talk.go:84	GetDingTalkUsers- departments :[0x140148d41e0 0x14014a119e0 0x14014a58060]
2023-06-29T15:34:47.853+0800	INFO	notice/ding_talk.go:282	GetDingTalkUsers -  getDepartmentSubList resp:{"errcode":0,"errmsg":"ok","result":[{"auto_add_user":true,"create_dept_group":true,"dept_id":858882826,"name":"产品部","parent_id":1},{"auto_add_user":true,"create_dept_group":true,"dept_id":859251099,"name":"测试部","parent_id":1},{"auto_add_user":false,"create_dept_group":false,"dept_id":859359045,"name":"开发部","parent_id":1}],"request_id":"15s00roj199ab"}
2023-06-29T15:34:47.950+0800	INFO	notice/ding_talk.go:282	GetDingTalkUsers -  getDepartmentSubList resp:{"errcode":0,"errmsg":"ok","result":[],"request_id":"16mfdjj6xqcud"}
2023-06-29T15:34:48.114+0800	INFO	notice/ding_talk.go:282	GetDingTalkUsers -  getDepartmentSubList resp:{"errcode":0,"errmsg":"ok","result":[],"request_id":"15rgmchslrm1h"}
2023-06-29T15:34:48.347+0800	INFO	notice/ding_talk.go:282	GetDingTalkUsers -  getDepartmentSubList resp:{"errcode":0,"errmsg":"ok","result":[{"auto_add_user":false,"create_dept_group":false,"dept_id":859357084,"name":"RunnerGo","parent_id":859359045}],"request_id":"16m8j82iihhnh"}
2023-06-29T15:34:48.429+0800	INFO	notice/ding_talk.go:282	GetDingTalkUsers -  getDepartmentSubList resp:{"errcode":0,"errmsg":"ok","result":[],"request_id":"15rl1d24qhias"}
2023-06-29T15:34:48.614+0800	INFO	notice/ding_talk.go:84	GetDingTalkUsers- departments :[0x14014905620 0x140005f06c0 0x14014a667e0]
2023-06-29T15:37:31.662+0800	INFO	notice/ding_talk.go:258	GetDingTalkUsers -  getDepartmentSubList resp:{"errcode":0,"errmsg":"ok","result":[{"auto_add_user":true,"create_dept_group":true,"dept_id":858882826,"name":"产品部","parent_id":1},{"auto_add_user":true,"create_dept_group":true,"dept_id":859251099,"name":"测试部","parent_id":1},{"auto_add_user":false,"create_dept_group":false,"dept_id":859359045,"name":"开发部","parent_id":1}],"request_id":"15rxf8aiwtkea"}
2023-06-29T15:37:31.737+0800	INFO	notice/ding_talk.go:258	GetDingTalkUsers -  getDepartmentSubList resp:{"errcode":0,"errmsg":"ok","result":[],"request_id":"15rklrtv0o58r"}
2023-06-29T15:37:31.906+0800	INFO	notice/ding_talk.go:258	GetDingTalkUsers -  getDepartmentSubList resp:{"errcode":0,"errmsg":"ok","result":[],"request_id":"15rfxeix07np5"}
2023-06-29T15:37:32.064+0800	INFO	notice/ding_talk.go:258	GetDingTalkUsers -  getDepartmentSubList resp:{"errcode":0,"errmsg":"ok","result":[{"auto_add_user":false,"create_dept_group":false,"dept_id":859357084,"name":"RunnerGo","parent_id":859359045}],"request_id":"16lu2ixer8q1z"}
2023-06-29T15:37:32.147+0800	INFO	notice/ding_talk.go:258	GetDingTalkUsers -  getDepartmentSubList resp:{"errcode":0,"errmsg":"ok","result":[],"request_id":"15s46fic1xe2m"}
2023-06-29T15:37:32.320+0800	INFO	notice/ding_talk.go:84	GetDingTalkUsers- departments :[{858882826 产品部 0 [{01016928481248923 顾静 } {01154735051021129651 冉芯茹 }] []} {859251099 测试部 0 [{01016928481248923 顾静 } {01154735051021129651 冉芯茹 }] []} {859359045 开发部 0 [{01016928481248923 顾静 } {01154735051021129651 冉芯茹 }] [{859357084 RunnerGo 0 [{274864661423231568 宣博文 }] []}]}]
2023-06-29T15:39:41.865+0800	INFO	notice/ding_talk.go:258	GetDingTalkUsers -  getDepartmentSubList resp:{"errcode":0,"errmsg":"ok","result":[{"auto_add_user":true,"create_dept_group":true,"dept_id":858882826,"name":"产品部","parent_id":1},{"auto_add_user":true,"create_dept_group":true,"dept_id":859251099,"name":"测试部","parent_id":1},{"auto_add_user":false,"create_dept_group":false,"dept_id":859359045,"name":"开发部","parent_id":1}],"request_id":"15s0gcx0hwejk"}
2023-06-29T15:40:12.164+0800	INFO	notice/ding_talk.go:258	GetDingTalkUsers -  getDepartmentSubList resp:{"errcode":0,"errmsg":"ok","result":[],"request_id":"16mrl69x8v3ih"}
2023-06-29T15:40:34.270+0800	INFO	notice/ding_talk.go:258	GetDingTalkUsers -  getDepartmentSubList resp:{"errcode":0,"errmsg":"ok","result":[],"request_id":"15rb5wz6s5ta6"}
2023-06-29T15:40:41.829+0800	INFO	notice/ding_talk.go:258	GetDingTalkUsers -  getDepartmentSubList resp:{"errcode":0,"errmsg":"ok","result":[{"auto_add_user":false,"create_dept_group":false,"dept_id":859357084,"name":"RunnerGo","parent_id":859359045}],"request_id":"15s0ppnnehpei"}
2023-06-29T15:40:42.890+0800	INFO	notice/ding_talk.go:258	GetDingTalkUsers -  getDepartmentSubList resp:{"errcode":0,"errmsg":"ok","result":[],"request_id":"16luocnl2bo54"}
2023-06-29T15:41:50.011+0800	INFO	notice/ding_talk.go:258	GetDingTalkUsers -  getDepartmentSubList resp:{"errcode":0,"errmsg":"ok","result":[{"auto_add_user":true,"create_dept_group":true,"dept_id":858882826,"name":"产品部","parent_id":1},{"auto_add_user":true,"create_dept_group":true,"dept_id":859251099,"name":"测试部","parent_id":1},{"auto_add_user":false,"create_dept_group":false,"dept_id":859359045,"name":"开发部","parent_id":1}],"request_id":"15rcdkfe7tech"}
2023-06-29T15:41:50.084+0800	INFO	notice/ding_talk.go:258	GetDingTalkUsers -  getDepartmentSubList resp:{"errcode":0,"errmsg":"ok","result":[],"request_id":"15rstz8kkhuni"}
2023-06-29T15:41:50.287+0800	INFO	notice/ding_talk.go:258	GetDingTalkUsers -  getDepartmentSubList resp:{"errcode":0,"errmsg":"ok","result":[],"request_id":"16lvdamkkt28d"}
2023-06-29T15:41:50.455+0800	INFO	notice/ding_talk.go:258	GetDingTalkUsers -  getDepartmentSubList resp:{"errcode":0,"errmsg":"ok","result":[{"auto_add_user":false,"create_dept_group":false,"dept_id":859357084,"name":"RunnerGo","parent_id":859359045}],"request_id":"16msd8hskvpvc"}
2023-06-29T15:41:50.530+0800	INFO	notice/ding_talk.go:258	GetDingTalkUsers -  getDepartmentSubList resp:{"errcode":0,"errmsg":"ok","result":[],"request_id":"16kiiro9b4th0"}
2023-06-29T15:41:50.692+0800	INFO	notice/ding_talk.go:84	GetDingTalkUsers- departments :[{858882826 产品部 0 [{01016928481248923 顾静 }] []} {859251099 测试部 0 [{01154735051021129651 冉芯茹 }] []} {859359045 开发部 0 [{274864661423231568 宣博文 }] [{859357084 RunnerGo 0 [{26296814341143578 赵凯 }] []}]}]
2023-06-29T18:25:21.750+0800	INFO	notice/ding_talk.go:258	GetDingTalkUsers -  getDepartmentSubList resp:{"errcode":88,"sub_code":"40000","sub_msg":"access_token is blank","errmsg":"ding talk error[subcode=40000,submsg=access_token is blank]","request_id":"16mqjrg5iafb6"}
2023-06-29T18:34:49.915+0800	INFO	notice/feishu.go:76	FeiShuGetScope- Scope.List -err:msg:app secret invalid,code:10014
